2026-06-18 15:17:59,644|INFO|returns all the agents to the user
2026-06-18 15:18:14,352|ERROR|The agent type is not illegal
2026-06-18 15:18:22,521|ERROR|The agent type is not illegal
2026-06-18 15:18:42,510|INFO|Trying to create new agent
2026-06-18 15:18:42,564|INFO|agent successfully created and send the object to the user
2026-06-18 15:18:46,434|INFO|Trying to create new agent
2026-06-18 15:18:46,488|INFO|agent successfully created and send the object to the user
2026-06-18 15:18:55,312|INFO|Trying to create new agent
2026-06-18 15:18:55,365|INFO|agent successfully created and send the object to the user
2026-06-18 15:19:22,363|INFO|The agent successfully updated!
2026-06-18 15:19:24,740|INFO|The agent successfully updated!
2026-06-18 15:19:36,058|INFO|trying to search the agent
2026-06-18 15:19:36,078|INFO|The agent found and sending to the user
2026-06-18 15:20:11,333|INFO|database created
2026-06-18 15:20:16,808|INFO|database created
2026-06-18 15:20:28,271|INFO|database created
2026-06-18 15:20:29,473|INFO|database created
2026-06-18 15:20:29,497|INFO|tables successfully created
2026-06-18 15:20:30,972|INFO|trying to search the agent
2026-06-18 15:20:30,987|INFO|The agent found and sending to the user
2026-06-18 15:20:42,190|INFO|The agent successfully deactivated!
2026-06-18 15:21:18,313|INFO|database created
2026-06-18 15:21:18,333|INFO|tables successfully created
2026-06-18 15:21:20,995|INFO|database created
2026-06-18 15:21:21,017|INFO|tables successfully created
2026-06-18 15:21:29,873|INFO|database created
2026-06-18 15:21:29,894|INFO|tables successfully created
2026-06-18 15:21:36,331|INFO|database created
2026-06-18 15:21:36,351|INFO|tables successfully created
2026-06-18 15:21:38,685|INFO|database created
2026-06-18 15:21:38,710|INFO|tables successfully created
2026-06-18 15:21:38,766|ERROR|The agent didn't updated probably he already non-active
2026-06-18 15:21:49,399|INFO|Trying to get the performance to the agent
2026-06-18 15:21:49,423|INFO|The performance dict send to user!
2026-06-18 15:22:35,571|INFO|Trying to get the performance to the agent
2026-06-18 15:22:35,598|INFO|The performance dict send to user!
2026-06-18 15:22:57,627|ERROR|difficulty have to be between 1- 10 only
2026-06-18 15:23:04,874|INFO|Trying to create the mission
2026-06-18 15:23:33,379|INFO|database created
2026-06-18 15:23:33,408|INFO|tables successfully created
2026-06-18 15:24:29,117|INFO|database created
2026-06-18 15:24:29,143|INFO|tables successfully created
2026-06-18 15:24:30,982|INFO|database created
2026-06-18 15:24:31,004|INFO|tables successfully created
2026-06-18 15:24:40,840|INFO|Trying to create the mission
2026-06-18 15:24:54,348|INFO|database created
2026-06-18 15:24:54,372|INFO|tables successfully created
2026-06-18 15:24:58,923|INFO|database created
2026-06-18 15:24:58,945|INFO|tables successfully created
2026-06-18 15:25:02,417|INFO|database created
2026-06-18 15:25:02,438|INFO|tables successfully created
2026-06-18 15:25:04,281|INFO|Trying to create the mission
2026-06-18 15:29:23,928|INFO|database created
2026-06-18 15:29:23,955|INFO|tables successfully created
2026-06-18 15:29:24,752|INFO|database created
2026-06-18 15:29:24,776|INFO|tables successfully created
2026-06-18 15:29:27,532|INFO|Trying to create the mission
2026-06-18 15:29:33,531|INFO|The mission found and sending to the user
2026-06-18 15:29:37,197|ERROR|The mission not found!
2026-06-18 15:30:24,691|ERROR|The agent type is not illegal
2026-06-18 15:32:29,105|INFO|database created
2026-06-18 15:32:29,213|INFO|tables successfully created
2026-06-18 15:32:29,922|INFO|database created
2026-06-18 15:32:29,965|INFO|tables successfully created
2026-06-18 15:33:53,795|ERROR|The agent type is not illegal
2026-06-18 15:34:07,663|INFO|Trying to create new agent
2026-06-18 15:34:07,746|INFO|agent successfully created and send the object to the user
2026-06-18 15:34:11,543|INFO|Trying to create new agent
2026-06-18 15:34:11,624|INFO|agent successfully created and send the object to the user
2026-06-18 15:34:12,177|INFO|Trying to create new agent
2026-06-18 15:34:12,253|INFO|agent successfully created and send the object to the user
2026-06-18 15:34:16,569|INFO|Trying to create new agent
2026-06-18 15:34:16,615|INFO|agent successfully created and send the object to the user
2026-06-18 15:34:33,169|ERROR|The DB is down or there is problem 'NoneType' object has no attribute 'get'
2026-06-18 15:36:07,013|INFO|database created
2026-06-18 15:36:07,035|INFO|tables successfully created
2026-06-18 15:36:20,963|INFO|database created
2026-06-18 15:36:20,983|INFO|tables successfully created
2026-06-18 15:36:45,114|INFO|database created
2026-06-18 15:36:45,132|INFO|tables successfully created
2026-06-18 15:36:48,098|INFO|database created
2026-06-18 15:36:48,125|INFO|tables successfully created
2026-06-18 15:37:18,501|INFO|database created
2026-06-18 15:37:18,526|INFO|tables successfully created
2026-06-18 15:37:22,412|INFO|database created
2026-06-18 15:37:22,433|INFO|tables successfully created
2026-06-18 15:37:27,140|INFO|database created
2026-06-18 15:37:27,166|INFO|tables successfully created
2026-06-18 15:37:30,194|INFO|database created
2026-06-18 15:37:30,215|INFO|tables successfully created
2026-06-18 15:37:32,198|INFO|database created
2026-06-18 15:37:32,218|INFO|tables successfully created
2026-06-18 15:37:35,535|INFO|database created
2026-06-18 15:37:35,556|INFO|tables successfully created
2026-06-18 15:37:37,932|ERROR|The DB is down or there is problem 'NoneType' object has no attribute 'get'
2026-06-18 15:39:12,118|INFO|database created
2026-06-18 15:39:12,139|INFO|tables successfully created
2026-06-18 15:39:14,377|INFO|database created
2026-06-18 15:39:14,396|INFO|tables successfully created
2026-06-18 15:39:17,947|INFO|database created
2026-06-18 15:39:17,971|INFO|tables successfully created
2026-06-18 15:39:19,355|INFO|database created
2026-06-18 15:39:19,374|INFO|tables successfully created
2026-06-18 15:39:25,460|INFO|database created
2026-06-18 15:39:25,480|INFO|tables successfully created
2026-06-18 15:39:30,884|INFO|database created
2026-06-18 15:39:30,907|INFO|tables successfully created
2026-06-18 15:39:32,629|INFO|database created
2026-06-18 15:39:32,651|INFO|tables successfully created
2026-06-18 15:39:35,003|INFO|database created
2026-06-18 15:39:35,027|INFO|tables successfully created
2026-06-18 15:39:40,815|INFO|database created
2026-06-18 15:39:40,842|INFO|tables successfully created
2026-06-18 15:39:40,891|ERROR|No top agent probably the list empty
2026-06-18 15:39:40,891|ERROR|The DB is down or there is problem 404: No top agent probably the list empty
2026-06-18 15:40:13,052|INFO|database created
2026-06-18 15:40:13,071|INFO|tables successfully created
2026-06-18 15:40:25,383|INFO|database created
2026-06-18 15:40:25,408|INFO|tables successfully created
2026-06-18 15:40:26,449|INFO|database created
2026-06-18 15:40:26,471|INFO|tables successfully created
2026-06-18 15:40:32,868|INFO|database created
2026-06-18 15:40:32,887|INFO|tables successfully created
2026-06-18 15:40:34,663|INFO|database created
2026-06-18 15:40:34,687|INFO|tables successfully created
2026-06-18 15:40:35,013|ERROR|The DB is down or there is problem 'NoneType' object is not subscriptable
2026-06-18 15:40:36,323|ERROR|The DB is down or there is problem 'NoneType' object is not subscriptable
2026-06-18 15:40:36,816|ERROR|The DB is down or there is problem 'NoneType' object is not subscriptable
2026-06-18 15:40:37,048|ERROR|The DB is down or there is problem 'NoneType' object is not subscriptable
2026-06-18 15:40:50,861|INFO|database created
2026-06-18 15:40:50,882|INFO|tables successfully created
2026-06-18 15:40:50,920|ERROR|The DB is down or there is problem 'NoneType' object is not subscriptable
2026-06-18 15:40:51,990|ERROR|The DB is down or there is problem 'NoneType' object is not subscriptable
2026-06-18 15:41:16,599|INFO|database created
2026-06-18 15:41:16,621|INFO|tables successfully created
2026-06-18 15:41:17,262|ERROR|The DB is down or there is problem 'NoneType' object has no attribute 'get'
2026-06-18 15:41:34,631|INFO|database created
2026-06-18 15:41:34,648|INFO|tables successfully created
2026-06-18 15:41:42,385|INFO|database created
2026-06-18 15:41:42,408|INFO|tables successfully created
2026-06-18 15:41:49,563|INFO|database created
2026-06-18 15:41:49,583|INFO|tables successfully created
2026-06-18 15:41:53,695|INFO|database created
2026-06-18 15:41:53,716|INFO|tables successfully created
2026-06-18 15:41:57,912|INFO|database created
2026-06-18 15:41:57,936|INFO|tables successfully created
2026-06-18 15:42:11,050|INFO|database created
2026-06-18 15:42:11,070|INFO|tables successfully created
2026-06-18 15:42:18,527|INFO|database created
2026-06-18 15:42:18,550|INFO|tables successfully created
2026-06-18 15:42:27,101|INFO|database created
2026-06-18 15:42:27,120|INFO|tables successfully created
2026-06-18 15:42:40,832|INFO|database created
2026-06-18 15:42:40,853|INFO|tables successfully created
2026-06-18 15:42:41,208|ERROR|No top agent probably the list empty
2026-06-18 15:42:41,208|ERROR|The DB is down or there is problem 404: No top agent probably the list empty
2026-06-18 15:42:42,158|ERROR|No top agent probably the list empty
2026-06-18 15:42:42,159|ERROR|The DB is down or there is problem 404: No top agent probably the list empty
2026-06-18 15:42:42,550|ERROR|No top agent probably the list empty
2026-06-18 15:42:42,550|ERROR|The DB is down or there is problem 404: No top agent probably the list empty
2026-06-18 15:42:42,724|ERROR|No top agent probably the list empty
2026-06-18 15:42:42,724|ERROR|The DB is down or there is problem 404: No top agent probably the list empty
2026-06-18 15:42:42,913|ERROR|No top agent probably the list empty
2026-06-18 15:42:42,913|ERROR|The DB is down or there is problem 404: No top agent probably the list empty
2026-06-18 15:42:43,091|ERROR|No top agent probably the list empty
2026-06-18 15:42:43,091|ERROR|The DB is down or there is problem 404: No top agent probably the list empty
2026-06-18 15:42:43,258|ERROR|No top agent probably the list empty
2026-06-18 15:42:43,259|ERROR|The DB is down or there is problem 404: No top agent probably the list empty
2026-06-18 15:42:43,430|ERROR|No top agent probably the list empty
2026-06-18 15:42:43,430|ERROR|The DB is down or there is problem 404: No top agent probably the list empty
2026-06-18 15:42:43,843|ERROR|No top agent probably the list empty
2026-06-18 15:42:43,843|ERROR|The DB is down or there is problem 404: No top agent probably the list empty
2026-06-18 15:42:44,069|ERROR|No top agent probably the list empty
2026-06-18 15:42:44,069|ERROR|The DB is down or there is problem 404: No top agent probably the list empty
2026-06-18 15:42:44,491|ERROR|No top agent probably the list empty
2026-06-18 15:42:44,492|ERROR|The DB is down or there is problem 404: No top agent probably the list empty
2026-06-18 15:42:44,700|ERROR|No top agent probably the list empty
2026-06-18 15:42:44,701|ERROR|The DB is down or there is problem 404: No top agent probably the list empty
2026-06-18 15:42:44,917|ERROR|No top agent probably the list empty
2026-06-18 15:42:44,917|ERROR|The DB is down or there is problem 404: No top agent probably the list empty
2026-06-18 15:42:45,252|ERROR|No top agent probably the list empty
2026-06-18 15:42:45,253|ERROR|The DB is down or there is problem 404: No top agent probably the list empty
2026-06-18 15:42:45,628|ERROR|No top agent probably the list empty
2026-06-18 15:42:45,629|ERROR|The DB is down or there is problem 404: No top agent probably the list empty
2026-06-18 15:42:55,486|ERROR|No top agent probably the list empty
2026-06-18 15:42:55,486|ERROR|The DB is down or there is problem 404: No top agent probably the list empty
2026-06-18 15:43:12,816|ERROR|No top agent probably the list empty
2026-06-18 15:43:12,817|ERROR|The DB is down or there is problem 404: No top agent probably the list empty
2026-06-18 15:43:13,661|ERROR|No top agent probably the list empty
2026-06-18 15:43:13,662|ERROR|The DB is down or there is problem 404: No top agent probably the list empty
2026-06-18 15:43:14,214|ERROR|No top agent probably the list empty
2026-06-18 15:43:14,214|ERROR|The DB is down or there is problem 404: No top agent probably the list empty
2026-06-18 15:43:14,446|ERROR|No top agent probably the list empty
2026-06-18 15:43:14,447|ERROR|The DB is down or there is problem 404: No top agent probably the list empty
2026-06-18 15:43:15,352|ERROR|No top agent probably the list empty
2026-06-18 15:43:15,353|ERROR|The DB is down or there is problem 404: No top agent probably the list empty
2026-06-18 15:43:50,732|INFO|database created
2026-06-18 15:43:50,751|INFO|tables successfully created
2026-06-18 15:43:52,883|INFO|database created
2026-06-18 15:43:52,902|INFO|tables successfully created
2026-06-18 15:43:58,046|INFO|database created
2026-06-18 15:43:58,070|INFO|tables successfully created
2026-06-18 15:44:03,942|INFO|database created
2026-06-18 15:44:03,964|INFO|tables successfully created
2026-06-18 15:44:04,967|ERROR|No top agent probably the list empty
2026-06-18 15:44:05,822|ERROR|No top agent probably the list empty
2026-06-18 15:44:07,048|ERROR|No top agent probably the list empty
2026-06-18 15:44:07,829|ERROR|No top agent probably the list empty
2026-06-18 15:44:25,383|INFO|Not found any mission so everything is 0
2026-06-18 15:44:25,482|INFO|The reports is full
2026-06-18 15:44:27,864|INFO|Not found any mission so everything is 0
2026-06-18 15:44:27,958|INFO|The reports is full
2026-06-18 15:44:28,457|INFO|Not found any mission so everything is 0
2026-06-18 15:44:28,556|INFO|The reports is full
2026-06-18 15:44:29,066|INFO|Not found any mission so everything is 0
2026-06-18 15:44:29,160|INFO|The reports is full
2026-06-18 15:44:46,505|INFO|database created
2026-06-18 15:44:46,525|INFO|tables successfully created
2026-06-18 15:44:49,470|INFO|The summary is full
2026-06-18 15:45:15,728|ERROR|The mission not found!
2026-06-18 15:45:21,935|ERROR|The mission not found
2026-06-18 15:45:26,764|ERROR|The mission not found!
2026-06-18 15:45:33,429|ERROR|The mission not found!
2026-06-18 15:45:39,781|ERROR|The mission not found!
2026-06-18 15:45:45,685|ERROR|The mission not found!
2026-06-18 15:46:00,645|INFO|The agent successfully deactivated!
2026-06-18 15:46:02,529|ERROR|The agent didn't updated probably he already non-active
2026-06-18 15:46:05,566|INFO|The agent not found
2026-06-18 15:46:11,327|INFO|trying to search the agent
2026-06-18 15:46:11,352|INFO|The agent found and sending to the user
2026-06-18 15:46:15,344|INFO|trying to search the agent
2026-06-18 15:46:15,369|ERROR|The agent not found!
2026-06-18 15:46:21,743|INFO|The agent successfully updated!
2026-06-18 15:46:39,367|INFO|The agent successfully updated!
2026-06-18 15:46:45,561|INFO|The agent successfully updated!
2026-06-18 15:46:58,701|ERROR|The data is empty cant update! or something not legal
2026-06-18 15:50:28,008|INFO|database created
2026-06-18 15:50:28,030|INFO|tables successfully created
2026-06-18 15:50:46,197|INFO|Trying to create new agent
2026-06-18 15:50:46,241|INFO|agent successfully created and send the object to the user
2026-06-18 15:50:50,689|ERROR|The agent type is not illegal
2026-06-18 15:51:02,106|ERROR|The agent type is not illegal
2026-06-18 15:51:45,967|ERROR|difficulty have to be between 1- 10 only
2026-06-18 15:52:09,987|ERROR|difficulty have to be between 1- 10 only
2026-06-18 15:52:16,272|INFO|Trying to create the mission
2026-06-18 15:52:32,932|INFO|Trying to create the mission
2026-06-18 15:52:39,320|INFO|Trying to create the mission
2026-06-18 15:55:27,022|INFO|Trying to create the mission
2026-06-18 15:56:08,083|INFO|trying to search the agent
2026-06-18 15:56:08,101|ERROR|The agent not found!
2026-06-18 15:56:08,720|INFO|trying to search the agent
2026-06-18 15:56:08,736|ERROR|The agent not found!
2026-06-18 15:56:09,826|INFO|trying to search the agent
2026-06-18 15:56:09,843|ERROR|The agent not found!
2026-06-18 16:01:46,705|INFO|returns all the agents to the user
2026-06-18 16:02:07,091|INFO|returns all the agents to the user
2026-06-18 16:02:53,405|INFO|trying to search the agent
2026-06-18 16:02:53,439|ERROR|The agent not found!
